#! /usr/bin/vvp
:ivl_version "12.0 (stable)";
:ivl_delay_selection "TYPICAL";
:vpi_time_precision + 0;
:vpi_module "/usr/lib64/ivl/system.vpi";
:vpi_module "/usr/lib64/ivl/vhdl_sys.vpi";
:vpi_module "/usr/lib64/ivl/vhdl_textio.vpi";
:vpi_module "/usr/lib64/ivl/v2005_math.vpi";
:vpi_module "/usr/lib64/ivl/va_math.vpi";
S_0x55e416262c00 .scope module, "operator_ex_concatenation" "operator_ex_concatenation" 2 1;
 .timescale 0 0;
P_0x55e41623d0a0 .param/l "SIZE" 0 2 2, +C4<00000000000000000000000000010000>;
L_0x7f49af494018 .functor BUFT 1, C4<1111>, C4<0>, C4<0>, C4<0>;
v0x55e41623c590_0 .net/2u *"_ivl_2", 3 0, L_0x7f49af494018;  1 drivers
L_0x7f49af494060 .functor BUFT 1, C4<111111111111>, C4<0>, C4<0>, C4<0>;
v0x55e416286c90_0 .net/2u *"_ivl_6", 11 0, L_0x7f49af494060;  1 drivers
v0x55e416286d70_0 .var "a", 3 0;
v0x55e416286e30_0 .net "ab1", 7 0, L_0x55e416287200;  1 drivers
v0x55e416286f10_0 .net "ab2", 7 0, L_0x55e4162872c0;  1 drivers
v0x55e416287040_0 .net "ab3", 15 0, L_0x55e416297440;  1 drivers
v0x55e416287120_0 .var "b", 3 0;
L_0x55e416287200 .concat [ 4 4 0 0], v0x55e416287120_0, v0x55e416286d70_0;
L_0x55e4162872c0 .concat [ 4 4 0 0], v0x55e416286d70_0, L_0x7f49af494018;
L_0x55e416297440 .concat [ 4 12 0 0], v0x55e416286d70_0, L_0x7f49af494060;
    .scope S_0x55e416262c00;
T_0 ;
    %pushi/vec4 5, 0, 4;
    %store/vec4 v0x55e416286d70_0, 0, 4;
    %pushi/vec4 12, 0, 4;
    %store/vec4 v0x55e416287120_0, 0, 4;
    %vpi_call 2 16 "$display", "a: %b; b: %b", v0x55e416286d70_0, v0x55e416287120_0 {0 0 0};
    %vpi_call 2 17 "$display", "ab1: %b\012ab2: %b\012ab3: %b", v0x55e416286e30_0, v0x55e416286f10_0, v0x55e416287040_0 {0 0 0};
    %end;
    .thread T_0;
# The file index is used to find the file name in the following table.
:file_names 3;
    "N/A";
    "<interactive>";
    "operator_ex_concatenation.v";
